#
# A fatal error has been detected by the Java Runtime Environment:
#
#  EXCEPTION_ACCESS_VIOLATION (0xc0000005) at pc=0x00007ffeef62c0c9, pid=18188, tid=7824
#
# JRE version: OpenJDK Runtime Environment Temurin-21.0.10+7 (21.0.10+7) (build 21.0.10+7-LTS)
# Java VM: OpenJDK 64-Bit Server VM Temurin-21.0.10+7 (21.0.10+7-LTS, mixed mode, sharing, tiered, compressed oops, compressed class ptrs, parallel gc, windows-amd64)
# Problematic frame:
# V  [jvm.dll+0x70c0c9]
#
# No core dump will be written. Minidumps are not enabled by default on client versions of Windows
#
# If you would like to submit a bug report, please visit:
#   https://github.com/adoptium/adoptium-support/issues
#

---------------  S U M M A R Y ------------

Command Line: --add-modules=ALL-SYSTEM --add-opens=java.base/java.util=ALL-UNNAMED --add-opens=java.base/java.lang=ALL-UNNAMED --add-opens=java.base/sun.nio.fs=ALL-UNNAMED -Declipse.application=org.eclipse.jdt.ls.core.id1 -Dosgi.bundles.defaultStartLevel=4 -Declipse.product=org.eclipse.jdt.ls.core.product -Djava.import.generatesMetadataFilesAtProjectRoot=false -DDetectVMInstallationsJob.disabled=true -Dfile.encoding=utf8 -XX:+UseParallelGC -XX:GCTimeRatio=4 -XX:AdaptiveSizePolicyWeight=90 -Dsun.zip.disableMemoryMapping=true -Xmx2G -Xms100m -Xlog:disable -javaagent:c:\Users\User\.vscode\extensions\redhat.java-1.54.0-win32-x64\lombok\lombok-1.18.39-4050.jar -XX:+HeapDumpOnOutOfMemoryError -XX:HeapDumpPath=c:\Users\User\AppData\Roaming\Code\User\workspaceStorage\1f0c035629236a65503ae68c098be729\redhat.java -Daether.dependencyCollector.impl=bf c:\Users\User\.vscode\extensions\redhat.java-1.54.0-win32-x64\server\plugins\org.eclipse.equinox.launcher_1.7.100.v20251111-0406.jar -configuration c:\Users\User\AppData\Roaming\Code\User\globalStorage\redhat.java\1.54.0\config_win -data c:\Users\User\AppData\Roaming\Code\User\workspaceStorage\1f0c035629236a65503ae68c098be729\redhat.java\jdt_ws --pipe=\\.\pipe\lsp-09c088389360baaa3d8785173f80aa80-sock

Host: AMD Ryzen 5 5600GT with Radeon Graphics        , 12 cores, 13G,  Windows 10 , 64 bit Build 19041 (10.0.19041.5915)
Time: Tue Jun 16 16:13:53 2026 Hora oficial do Brasil elapsed time: 466.888443 seconds (0d 0h 7m 46s)

---------------  T H R E A D  ---------------

Current thread (0x0000019b79b2df60):  WorkerThread "GC Thread#4"    [id=7824, stack(0x0000000ed1600000,0x0000000ed1700000) (1024K)]

Stack: [0x0000000ed1600000,0x0000000ed1700000],  sp=0x0000000ed16ff6c0,  free space=1021k
Native frames: (J=compiled Java code, j=interpreted, Vv=VM code, C=native code)
V  [jvm.dll+0x70c0c9]
V  [jvm.dll+0x70c3d4]
V  [jvm.dll+0x71341d]
V  [jvm.dll+0x71425c]
V  [jvm.dll+0x8e2b41]
V  [jvm.dll+0x85f59d]
V  [jvm.dll+0x6d626d]
C  [ucrtbase.dll+0x21bb2]
C  [KERNEL32.DLL+0x17374]
C  [ntdll.dll+0x4cc91]


siginfo: EXCEPTION_ACCESS_VIOLATION (0xc0000005), reading address 0xffffffffffffffff


Registers:
RAX=0x1ffffffff1000000, RBX=0x0000000008000000, RCX=0x0000000000000000, RDX=0x0000019b6e8e0000
RSP=0x0000000ed16ff6c0, RBP=0x00000000cd8a51b8, RSI=0x0000019b5c39f200, RDI=0x00000000cd8a3e94
R8 =0x007fffffffc40000, R9 =0x00000000000007df, R10=0x00000000cda16aa0, R11=0x00000000000009b4
R12=0x00007ffeefb68250, R13=0x0000000ed06fe680, R14=0x0000019b5c39f4c8, R15=0x0000000000000000
RIP=0x00007ffeef62c0c9, EFLAGS=0x0000000000010216

XMM[0]=0x0000019b00015000 0x00000000cd8511a8
XMM[1]=0x0000000000000000 0x0000000ed1cff5b0
XMM[2]=0x0000000000000000 0x0000000000000000
XMM[3]=0x0000000000000000 0x0000000000000000
XMM[4]=0x0000000000000000 0x0000000000000000
XMM[5]=0x0000000000000000 0x0000000000000000
XMM[6]=0x0000019b00014800 0x00000000cd8511a8
XMM[7]=0x0000000000000000 0x0000000000000000
XMM[8]=0x0000000000000000 0x0000000000000000
XMM[9]=0x0000000000000000 0x0000000000000000
XMM[10]=0x0000000000000000 0x0000000000000000
XMM[11]=0x0000000000000000 0x0000000000000000
XMM[12]=0x0000000000000000 0x0000000000000000
XMM[13]=0x0000000000000000 0x0000000000000000
XMM[14]=0x0000000000000000 0x0000000000000000
XMM[15]=0x0000000000000000 0x0000000000000000
  MXCSR=0x00001fa0


Register to memory mapping:

RAX=0x1ffffffff1000000 is an unknown value
RBX=0x0000000008000000 is an unknown value
RCX=0x0 is null
RDX=0x0000019b6e8e0000 points into unknown readable memory: 0x0000024a50000009 | 09 00 00 50 4a 02 00 00
RSP=0x0000000ed16ff6c0 points into unknown readable memory: 0x0000000000000000 | 00 00 00 00 00 00 00 00
RBP=0x00000000cd8a51b8 is pointing into object: [[C 
{0x00000000cd8511a8} - klass: {type array char}[]
 - length: 137817
RSI=0x0000019b5c39f200 points into unknown readable memory: 0x0000019b59fa0150 | 50 01 fa 59 9b 01 00 00
RDI=0x00000000cd8a3e94 is pointing into object: [[C 
{0x00000000cd8511a8} - klass: {type array char}[]
 - length: 137817
R8 =0x007fffffffc40000 is an unknown value
R9 =0x00000000000007df is an unknown value
R10=0x00000000cda16aa0 is an oop: [C 
{0x00000000cda16aa0} - klass: {type array char}
 - length: 76
R11=0x00000000000009b4 is an unknown value
R12=0x00007ffeefb68250 jvm.dll
R13=0x0000000ed06fe680 points into unknown readable memory: 0x00007ffeef9ba000 | 00 a0 9b ef fe 7f 00 00
R14=0x0000019b5c39f4c8 points into unknown readable memory: 0x0000000000000000 | 00 00 00 00 00 00 00 00
R15=0x0 is null

Top of Stack: (sp=0x0000000ed16ff6c0)
0x0000000ed16ff6c0:   0000000000000000 0000019b5c39f4c8
0x0000000ed16ff6d0:   00007ffeefb68250 0000019b5c39f548
0x0000000ed16ff6e0:   000000000000005c 00007ffeef62c3d4
0x0000000ed16ff6f0:   0000019b5c39f5c8 0000019b5c39f200
0x0000000ed16ff700:   0000019b5c39f548 0000019b5c39f5c8
0x0000000ed16ff710:   0000000000000000 0000000000000000
0x0000000ed16ff720:   00007ffeef9b95a0 0000000000000000
0x0000000ed16ff730:   0000019b5c39f200 0000000000000009
0x0000000ed16ff740:   0000000ed06fe7c0 00007ffeef63341d
0x0000000ed16ff750:   0000000000000005 0000003b0000005c
0x0000000ed16ff760:   0000000000000005 00007ffeef62c2ad
0x0000000ed16ff770:   00000000cd8511a8 0000019b00012000
0x0000000ed16ff780:   0000019b5c39f4c8 0000000000000005
0x0000000ed16ff790:   0000000000000000 0000000000000000
0x0000000ed16ff7a0:   0000000ed06fe788 0000019b79211860
0x0000000ed16ff7b0:   0000019b5c39f200 0000000000000009
0x0000000ed16ff7c0:   0000019b792118a0 00007ffeef63425c
0x0000000ed16ff7d0:   0000000000000005 0000019b79b2df60
0x0000000ed16ff7e0:   0000000000000000 0000000ed06fee98
0x0000000ed16ff7f0:   0000000e00000009 00007ffeef9b9e10
0x0000000ed16ff800:   0000019b5c39f200 00007ffeef9b9ff0
0x0000000ed16ff810:   0000000000000009 0000000000000000
0x0000000ed16ff820:   0000000000000000 0000000000000000
0x0000000ed16ff830:   0000ca753fa27009 0000000000000000
0x0000000ed16ff840:   0000000000000000 0000019b79211860
0x0000000ed16ff850:   0000000000000000 0000000000000000
0x0000000ed16ff860:   0000000000000009 0000019b792118a0
0x0000000ed16ff870:   0000019b79b2df60 00007ffeef802b41
0x0000000ed16ff880:   0000019b59fbc4b8 0000019b79b2df60
0x0000000ed16ff890:   0000019b59fbc4b8 0000000000000009
0x0000000ed16ff8a0:   0000019b79b2df60 0000000000100000
0x0000000ed16ff8b0:   0000000000000000 00007ffeef77f59d 

Instructions: (pc=0x00007ffeef62c0c9)
0x00007ffeef62bfc9:   00 48 8d 5b 08 48 83 ef 01 75 df 48 8b 7c 24 20
0x00007ffeef62bfd9:   48 8b 5c 24 30 48 83 c4 28 c3 cc cc cc cc cc cc
0x00007ffeef62bfe9:   cc cc cc cc cc cc cc 48 89 5c 24 08 48 89 6c 24
0x00007ffeef62bff9:   10 48 89 74 24 18 57 48 83 ec 20 80 3d 42 9b 59
0x00007ffeef62c009:   00 00 bb 10 00 00 00 48 8b f1 4d 63 d0 8b c3 4c
0x00007ffeef62c019:   8b da b9 0c 00 00 00 0f 84 2a 01 00 00 44 0f b6
0x00007ffeef62c029:   0d 31 e5 52 00 45 84 c9 0f 45 c1 4c 63 04 10 49
0x00007ffeef62c039:   8b d2 49 8b c0 49 2b c2 41 ba 00 08 00 00 49 3b
0x00007ffeef62c049:   c2 4c 0f 42 d0 b8 18 00 00 00 4c 03 d2 45 84 c9
0x00007ffeef62c059:   0f 45 c3 49 03 c3 48 8d 3c 90 4a 8d 2c 90 4d 3b
0x00007ffeef62c069:   d0 73 0e 4d 8b c2 49 8b d3 48 8b ce e8 86 0b 00
0x00007ffeef62c079:   00 48 3b fd 0f 83 e0 01 00 00 8b 07 85 c0 0f 84
0x00007ffeef62c089:   b1 00 00 00 8b 0d 95 cf 52 00 8b d8 48 8b 15 e4
0x00007ffeef62c099:   71 5b 00 48 d3 e3 48 03 1d 7a cf 52 00 8b 0d 00
0x00007ffeef62c0a9:   e1 52 00 48 8b c3 48 2b 02 48 8b 52 10 48 c1 e8
0x00007ffeef62c0b9:   03 48 d3 e8 4c 8b c0 24 3f 49 c1 e8 06 0f b6 c8
0x00007ffeef62c0c9:   4a 8b 04 c2 48 0f a3 c8 72 6b 48 8b cb e8 b5 7f
0x00007ffeef62c0d9:   fd ff 84 c0 74 5f 48 8b d3 48 8b ce e8 c6 81 fd
0x00007ffeef62c0e9:   ff 80 3d 10 82 5b 00 00 74 4b 48 85 db 74 46 80
0x00007ffeef62c0f9:   3d 60 e4 52 00 00 74 15 8b 43 08 8b 0d 2e cf 52
0x00007ffeef62c109:   00 48 d3 e0 48 03 05 1c cf 52 00 eb 04 48 8b 43
0x00007ffeef62c119:   08 48 3b 05 97 6e 5d 00 75 1b 48 8b cb e8 a5 7a
0x00007ffeef62c129:   fd ff 84 c0 74 0f 48 8d 8e 80 08 00 00 48 8b d3
0x00007ffeef62c139:   e8 f2 53 0a 00 48 83 c7 04 48 3b fd 0f 82 38 ff
0x00007ffeef62c149:   ff ff e9 13 01 00 00 0f b6 15 08 e4 52 00 84 d2
0x00007ffeef62c159:   48 0f 45 c1 49 8b ca 4e 63 0c 18 49 8b c1 49 2b
0x00007ffeef62c169:   c2 41 ba 00 08 00 00 49 3b c2 4c 0f 42 d0 b8 18
0x00007ffeef62c179:   00 00 00 4c 03 d1 84 d2 48 0f 45 c3 49 03 c3 48
0x00007ffeef62c189:   8d 3c c8 4a 8d 2c d0 4d 3b d1 73 0e 4d 8b c2 49
0x00007ffeef62c199:   8b d3 48 8b ce e8 5d 0a 00 00 48 3b fd 0f 83 b7
0x00007ffeef62c1a9:   00 00 00 0f 1f 40 00 48 8b 1f 48 85 db 0f 84 9a
0x00007ffeef62c1b9:   00 00 00 48 8b 15 bd 70 5b 00 48 8b c3 8b 0d e0 


Stack slot to memory mapping:

stack at sp + 0 slots: 0x0 is null
stack at sp + 1 slots: 0x0000019b5c39f4c8 points into unknown readable memory: 0x0000000000000000 | 00 00 00 00 00 00 00 00
stack at sp + 2 slots: 0x00007ffeefb68250 jvm.dll
stack at sp + 3 slots: 0x0000019b5c39f548 points into unknown readable memory: 0x000000000000005d | 5d 00 00 00 00 00 00 00
stack at sp + 4 slots: 0x000000000000005c is an unknown value
stack at sp + 5 slots: 0x00007ffeef62c3d4 jvm.dll
stack at sp + 6 slots: 0x0000019b5c39f5c8 points into unknown readable memory: 0x0000003b0000005d | 5d 00 00 00 3b 00 00 00
stack at sp + 7 slots: 0x0000019b5c39f200 points into unknown readable memory: 0x0000019b59fa0150 | 50 01 fa 59 9b 01 00 00


---------------  P R O C E S S  ---------------

Threads class SMR info:
_java_thread_list=0x0000019b7a0ff340, length=65, elements={
0x0000019b5c421240, 0x0000019b5c3d4c30, 0x0000019b5c4ed9d0, 0x0000019b5c3d62f0,
0x0000019b5c3d70a0, 0x0000019b5c3d8910, 0x0000019b5c3ddac0, 0x0000019b79010fc0,
0x0000019b79011720, 0x0000019b791d6270, 0x0000019b7941ed20, 0x0000019b798a11f0,
0x0000019b7989f7b0, 0x0000019b7989f120, 0x0000019b798a1f10, 0x0000019b798a1880,
0x0000019b7989fe40, 0x0000019b798a04d0, 0x0000019b798a25a0, 0x0000019b798a0b60,
0x0000019b7a3154f0, 0x0000019b7a310cc0, 0x0000019b7a313ab0, 0x0000019b7a312070,
0x0000019b7a30ebf0, 0x0000019b7a30ffa0, 0x0000019b7a313420, 0x0000019b7a3147d0,
0x0000019b7a314e60, 0x0000019b7a316210, 0x0000019b7a30f280, 0x0000019b7a310630,
0x0000019b7a311350, 0x0000019b7a3119e0, 0x0000019b7a312700, 0x0000019b7a30f910,
0x0000019b7a539680, 0x0000019b7a539d10, 0x0000019b7a533410, 0x0000019b7a537c40,
0x0000019b7a533aa0, 0x0000019b7a538960, 0x0000019b7a538ff0, 0x0000019b7a5382d0,
0x0000019b7a53a3a0, 0x0000019b7a53aa30, 0x0000019b7a534130, 0x0000019b7a5347c0,
0x0000019b7a5375b0, 0x0000019b7a536890, 0x0000019b7d5c28a0, 0x0000019b7d5c5000,
0x0000019b7d5c9830, 0x0000019b7d5c9ec0, 0x0000019b7d5c5d20, 0x0000019b7d5c3c50,
0x0000019b7d5c42e0, 0x0000019b7d5c4970, 0x0000019b7d5c2f30, 0x0000019b7d5c70d0,
0x0000019b7d5c7760, 0x0000019b7a01e8d0, 0x0000019b7a023790, 0x0000019b7a023e20,
0x0000019b7a025860
}

Java Threads: ( => current thread )
  0x0000019b5c421240 JavaThread "main"                              [_thread_blocked, id=5436, stack(0x0000000ed0300000,0x0000000ed0400000) (1024K)]
  0x0000019b5c3d4c30 JavaThread "Reference Handler"          daemon [_thread_blocked, id=17516, stack(0x0000000ed0700000,0x0000000ed0800000) (1024K)]
  0x0000019b5c4ed9d0 JavaThread "Finalizer"                  daemon [_thread_blocked, id=12160, stack(0x0000000ed0800000,0x0000000ed0900000) (1024K)]
  0x0000019b5c3d62f0 JavaThread "Signal Dispatcher"          daemon [_thread_blocked, id=16812, stack(0x0000000ed0900000,0x0000000ed0a00000) (1024K)]
  0x0000019b5c3d70a0 JavaThread "Attach Listener"            daemon [_thread_blocked, id=17548, stack(0x0000000ed0a00000,0x0000000ed0b00000) (1024K)]
  0x0000019b5c3d8910 JavaThread "Service Thread"             daemon [_thread_blocked, id=12384, stack(0x0000000ed0b00000,0x0000000ed0c00000) (1024K)]
  0x0000019b5c3ddac0 JavaThread "Monitor Deflation Thread"   daemon [_thread_blocked, id=18772, stack(0x0000000ed0c00000,0x0000000ed0d00000) (1024K)]
  0x0000019b79010fc0 JavaThread "C2 CompilerThread0"         daemon [_thread_blocked, id=18340, stack(0x0000000ed0d00000,0x0000000ed0e00000) (1024K)]
  0x0000019b79011720 JavaThread "C1 CompilerThread0"         daemon [_thread_blocked, id=18488, stack(0x0000000ed0e00000,0x0000000ed0f00000) (1024K)]
  0x0000019b791d6270 JavaThread "Common-Cleaner"             daemon [_thread_blocked, id=10004, stack(0x0000000ed0f00000,0x0000000ed1000000) (1024K)]
  0x0000019b7941ed20 JavaThread "Notification Thread"        daemon [_thread_blocked, id=17420, stack(0x0000000ed1100000,0x0000000ed1200000) (1024K)]
  0x0000019b798a11f0 JavaThread "Active Thread: Equinox Container: a273f4bb-4981-481e-9a2b-921eec718994"        [_thread_blocked, id=12496, stack(0x0000000ed1900000,0x0000000ed1a00000) (1024K)]
  0x0000019b7989f7b0 JavaThread "Refresh Thread: Equinox Container: a273f4bb-4981-481e-9a2b-921eec718994" daemon [_thread_blocked, id=18444, stack(0x0000000ed1200000,0x0000000ed1300000) (1024K)]
  0x0000019b7989f120 JavaThread "Framework Event Dispatcher: Equinox Container: a273f4bb-4981-481e-9a2b-921eec718994" daemon [_thread_blocked, id=5316, stack(0x0000000ed1a00000,0x0000000ed1b00000) (1024K)]
  0x0000019b798a1f10 JavaThread "Start Level: Equinox Container: a273f4bb-4981-481e-9a2b-921eec718994" daemon [_thread_blocked, id=19096, stack(0x0000000ed1b00000,0x0000000ed1c00000) (1024K)]
  0x0000019b798a1880 JavaThread "Bundle File Closer"         daemon [_thread_blocked, id=7712, stack(0x0000000ed1f00000,0x0000000ed2000000) (1024K)]
  0x0000019b7989fe40 JavaThread "SCR Component Actor"        daemon [_thread_blocked, id=552, stack(0x0000000ed1c00000,0x0000000ed1d00000) (1024K)]
  0x0000019b798a04d0 JavaThread "Worker-JM"                         [_thread_blocked, id=8068, stack(0x0000000ed2200000,0x0000000ed2300000) (1024K)]
  0x0000019b798a25a0 JavaThread "JNA Cleaner"                daemon [_thread_blocked, id=6076, stack(0x0000000ed2300000,0x0000000ed2400000) (1024K)]
  0x0000019b798a0b60 JavaThread "Worker-0"                          [_thread_blocked, id=18260, stack(0x0000000ed2400000,0x0000000ed2500000) (1024K)]
  0x0000019b7a3154f0 JavaThread "Worker-1"                          [_thread_blocked, id=12076, stack(0x0000000ed2500000,0x0000000ed2600000) (1024K)]
  0x0000019b7a310cc0 JavaThread "Worker-2: Building"                [_thread_blocked, id=17476, stack(0x0000000ed2900000,0x0000000ed2a00000) (1024K)]
  0x0000019b7a313ab0 JavaThread "Worker-3"                          [_thread_blocked, id=15284, stack(0x0000000ed2a00000,0x0000000ed2b00000) (1024K)]
  0x0000019b7a312070 JavaThread "Thread-1"                   daemon [_thread_in_native, id=17060, stack(0x0000000ed2b00000,0x0000000ed2c00000) (1024K)]
  0x0000019b7a30ebf0 JavaThread "Thread-2"                   daemon [_thread_in_native, id=16904, stack(0x0000000ed2c00000,0x0000000ed2d00000) (1024K)]
  0x0000019b7a30ffa0 JavaThread "Thread-3"                   daemon [_thread_in_native, id=9368, stack(0x0000000ed2d00000,0x0000000ed2e00000) (1024K)]
  0x0000019b7a313420 JavaThread "Thread-4"                   daemon [_thread_in_native, id=7364, stack(0x0000000ed2e00000,0x0000000ed2f00000) (1024K)]
  0x0000019b7a3147d0 JavaThread "Thread-5"                   daemon [_thread_in_native, id=9384, stack(0x0000000ed2f00000,0x0000000ed3000000) (1024K)]
  0x0000019b7a314e60 JavaThread "Thread-6"                   daemon [_thread_in_native, id=10908, stack(0x0000000ed3000000,0x0000000ed3100000) (1024K)]
  0x0000019b7a316210 JavaThread "Thread-7"                   daemon [_thread_in_native, id=7192, stack(0x0000000ed3100000,0x0000000ed3200000) (1024K)]
  0x0000019b7a30f280 JavaThread "Thread-8"                   daemon [_thread_in_native, id=864, stack(0x0000000ed3200000,0x0000000ed3300000) (1024K)]
  0x0000019b7a310630 JavaThread "Thread-9"                   daemon [_thread_in_native, id=15088, stack(0x0000000ed3300000,0x0000000ed3400000) (1024K)]
  0x0000019b7a311350 JavaThread "Thread-10"                  daemon [_thread_in_native, id=13776, stack(0x0000000ed3400000,0x0000000ed3500000) (1024K)]
  0x0000019b7a3119e0 JavaThread "Thread-11"                  daemon [_thread_in_native, id=3100, stack(0x0000000ed3500000,0x0000000ed3600000) (1024K)]
  0x0000019b7a312700 JavaThread "Thread-12"                  daemon [_thread_in_native, id=5268, stack(0x0000000ed3600000,0x0000000ed3700000) (1024K)]
  0x0000019b7a30f910 JavaThread "Thread-13"                  daemon [_thread_in_native, id=18668, stack(0x0000000ed3700000,0x0000000ed3800000) (1024K)]
  0x0000019b7a539680 JavaThread "pool-2-thread-1"                   [_thread_blocked, id=10340, stack(0x0000000ed3800000,0x0000000ed3900000) (1024K)]
  0x0000019b7a539d10 JavaThread "WorkspaceEventsHandler"            [_thread_blocked, id=19448, stack(0x0000000ed3900000,0x0000000ed3a00000) (1024K)]
  0x0000019b7a533410 JavaThread "pool-1-thread-1"                   [_thread_blocked, id=10116, stack(0x0000000ed3a00000,0x0000000ed3b00000) (1024K)]
  0x0000019b7a537c40 JavaThread "ForkJoinPool.commonPool-worker-1" daemon [_thread_blocked, id=19144, stack(0x0000000ed3b00000,0x0000000ed3c00000) (1024K)]
  0x0000019b7a533aa0 JavaThread "ForkJoinPool.commonPool-worker-2" daemon [_thread_blocked, id=7892, stack(0x0000000ed3c00000,0x0000000ed3d00000) (1024K)]
  0x0000019b7a538960 JavaThread "ForkJoinPool.commonPool-worker-3" daemon [_thread_blocked, id=14992, stack(0x0000000ed3d00000,0x0000000ed3e00000) (1024K)]
  0x0000019b7a538ff0 JavaThread "ForkJoinPool.commonPool-worker-4" daemon [_thread_blocked, id=1688, stack(0x0000000ed3e00000,0x0000000ed3f00000) (1024K)]
  0x0000019b7a5382d0 JavaThread "ForkJoinPool.commonPool-worker-5" daemon [_thread_blocked, id=5296, stack(0x0000000ed3f00000,0x0000000ed4000000) (1024K)]
  0x0000019b7a53a3a0 JavaThread "ForkJoinPool.commonPool-worker-6" daemon [_thread_blocked, id=4268, stack(0x0000000ed4000000,0x0000000ed4100000) (1024K)]
  0x0000019b7a53aa30 JavaThread "ForkJoinPool.commonPool-worker-7" daemon [_thread_blocked, id=3416, stack(0x0000000ed4100000,0x0000000ed4200000) (1024K)]
  0x0000019b7a534130 JavaThread "ForkJoinPool.commonPool-worker-8" daemon [_thread_blocked, id=16980, stack(0x0000000ed4200000,0x0000000ed4300000) (1024K)]
  0x0000019b7a5347c0 JavaThread "ForkJoinPool.commonPool-worker-9" daemon [_thread_blocked, id=18988, stack(0x0000000ed4300000,0x0000000ed4400000) (1024K)]
  0x0000019b7a5375b0 JavaThread "ForkJoinPool.commonPool-worker-10" daemon [_thread_blocked, id=7800, stack(0x0000000ed4400000,0x0000000ed4500000) (1024K)]
  0x0000019b7a536890 JavaThread "ForkJoinPool.commonPool-worker-11" daemon [_thread_blocked, id=19148, stack(0x0000000ed4500000,0x0000000ed4600000) (1024K)]
  0x0000019b7d5c28a0 JavaThread "Compiler Source File Reader" daemon [_thread_blocked, id=10128, stack(0x0000000ed2100000,0x0000000ed2200000) (1024K)]
  0x0000019b7d5c5000 JavaThread "Cleaner-0"                  daemon [_thread_blocked, id=19380, stack(0x0000000ed4800000,0x0000000ed4900000) (1024K)]
  0x0000019b7d5c9830 JavaThread "Compiler Source File Reader" daemon [_thread_blocked, id=7872, stack(0x0000000ed4700000,0x0000000ed4800000) (1024K)]
  0x0000019b7d5c9ec0 JavaThread "Compiler Source File Reader" daemon [_thread_blocked, id=12448, stack(0x0000000ed2000000,0x0000000ed2100000) (1024K)]
  0x0000019b7d5c5d20 JavaThread "Compiler Source File Reader" daemon [_thread_blocked, id=18352, stack(0x0000000ed4900000,0x0000000ed4a00000) (1024K)]
  0x0000019b7d5c3c50 JavaThread "Compiler Source File Reader" daemon [_thread_blocked, id=10984, stack(0x0000000ed0000000,0x0000000ed0100000) (1024K)]
  0x0000019b7d5c42e0 JavaThread "Compiler Processing Task"   daemon [_thread_blocked, id=17672, stack(0x0000000ed0100000,0x0000000ed0200000) (1024K)]
  0x0000019b7d5c4970 JavaThread "Compiler Source File Reader" daemon [_thread_blocked, id=3944, stack(0x0000000ed0200000,0x0000000ed0300000) (1024K)]
  0x0000019b7d5c2f30 JavaThread "Compiler Source File Reader" daemon [_thread_blocked, id=10396, stack(0x0000000ed4600000,0x0000000ed4700000) (1024K)]
  0x0000019b7d5c70d0 JavaThread "Compiler Source File Reader" daemon [_thread_blocked, id=15148, stack(0x0000000ed4a00000,0x0000000ed4b00000) (1024K)]
  0x0000019b7d5c7760 JavaThread "Compiler Source File Reader" daemon [_thread_blocked, id=19336, stack(0x0000000ed4b00000,0x0000000ed4c00000) (1024K)]
  0x0000019b7a01e8d0 JavaThread "Compiler Source File Reader" daemon [_thread_blocked, id=19244, stack(0x0000000ed4c00000,0x0000000ed4d00000) (1024K)]
  0x0000019b7a023790 JavaThread "Worker-4"                          [_thread_blocked, id=17984, stack(0x0000000ed2800000,0x0000000ed2900000) (1024K)]
  0x0000019b7a023e20 JavaThread "pool-1-thread-2"                   [_thread_blocked, id=13864, stack(0x0000000ed4f00000,0x0000000ed5000000) (1024K)]
  0x0000019b7a025860 JavaThread "Java indexing"              daemon [_thread_blocked, id=12728, stack(0x0000000ed2700000,0x0000000ed2800000) (1024K)]
Total: 65

Other Threads:
  0x0000019b5c3c3030 VMThread "VM Thread"                           [id=11032, stack(0x0000000ed0600000,0x0000000ed0700000) (1024K)]
  0x0000019b5c48cb90 WatcherThread "VM Periodic Task Thread"        [id=14208, stack(0x0000000ed0500000,0x0000000ed0600000) (1024K)]
  0x0000019b5c43f1e0 WorkerThread "GC Thread#0"                     [id=17204, stack(0x0000000ed0400000,0x0000000ed0500000) (1024K)]
  0x0000019b794d6750 WorkerThread "GC Thread#1"                     [id=16180, stack(0x0000000ed1300000,0x0000000ed1400000) (1024K)]
  0x0000019b794d6b00 WorkerThread "GC Thread#2"                     [id=17892, stack(0x0000000ed1400000,0x0000000ed1500000) (1024K)]
  0x0000019b79b2dbb0 WorkerThread "GC Thread#3"                     [id=6204, stack(0x0000000ed1500000,0x0000000ed1600000) (1024K)]
=>0x0000019b79b2df60 WorkerThread "GC Thread#4"                     [id=7824, stack(0x0000000ed1600000,0x0000000ed1700000) (1024K)]
  0x0000019b79b2e310 WorkerThread "GC Thread#5"                     [id=9752, stack(0x0000000ed1700000,0x0000000ed1800000) (1024K)]
  0x0000019b79bd7b80 WorkerThread "GC Thread#6"                     [id=19196, stack(0x0000000ed1800000,0x0000000ed1900000) (1024K)]
  0x0000019b79b7e750 WorkerThread "GC Thread#7"                     [id=14252, stack(0x0000000ed1000000,0x0000000ed1100000) (1024K)]
  0x0000019b79f90030 WorkerThread "GC Thread#8"                     [id=2420, stack(0x0000000ed1d00000,0x0000000ed1e00000) (1024K)]
  0x0000019b79f903e0 WorkerThread "GC Thread#9"                     [id=2288, stack(0x0000000ed1e00000,0x0000000ed1f00000) (1024K)]
Total: 12

Threads with active compile tasks:
Total: 0

VM state: at safepoint (normal execution)

VM Mutex/Monitor currently owned by a thread:  ([mutex/lock_event])
[0x00007ffeefbde560] Threads_lock - owner thread: 0x0000019b5c3c3030
[0x00007ffeefbde660] Heap_lock - owner thread: 0x0000019b7a310cc0

Heap address: 0x0000000080000000, size: 2048 MB, Compressed Oops mode: 32-bit

CDS archive(s) mapped at: [0x0000019b00000000-0x0000019b00ba0000-0x0000019b00ba0000), size 12189696, SharedBaseAddress: 0x0000019b00000000, ArchiveRelocationMode: 1.
Compressed class space mapped at: 0x0000019b01000000-0x0000019b41000000, reserved size: 1073741824
Narrow klass base: 0x0000019b00000000, Narrow klass shift: 0, Narrow klass range: 0x100000000

GC Precious Log:
 CardTable entry size: 512
 CPUs: 12 total, 12 available
 Memory: 14226M
 Large Page Support: Disabled
 NUMA Support: Disabled
 Compressed Oops: Enabled (32-bit)
 Alignments: Space 512K, Generation 512K, Heap 2M
 Heap Min Capacity: 100M
 Heap Initial Capacity: 100M
 Heap Max Capacity: 2G
 Pre-touch: Disabled
 Parallel Workers: 10

Heap:
 PSYoungGen      total 8192K, used 0K [0x00000000d5580000, 0x00000000d5f80000, 0x0000000100000000)
  eden space 6144K, 0% used [0x00000000d5580000,0x00000000d5580000,0x00000000d5b80000)
  from space 2048K, 0% used [0x00000000d5b80000,0x00000000d5b80000,0x00000000d5d80000)
  to   space 512K, 0% used [0x00000000d5f00000,0x00000000d5f00000,0x00000000d5f80000)
 ParOldGen       total 1398272K, used 1391020K [0x0000000080000000, 0x00000000d5580000, 0x00000000d5580000)
  object space 1398272K, 99% used [0x0000000080000000,0x00000000d4e6b028,0x00000000d5580000)
 Metaspace       used 84023K, committed 85952K, reserved 1179648K
  class space    used 8436K, committed 9280K, reserved 1048576K

Card table byte_map: [0x0000019b5bdd0000,0x0000019b5c1e0000] _byte_map_base: 0x0000019b5b9d0000

Marking Bits: (ParMarkBitMap*) 0x00007ffeefbe3450
 Begin Bits: [0x0000019b6e8e0000, 0x0000019b708e0000)
 End Bits:   [0x0000019b708e0000, 0x0000019b728e0000)

Polling page: 0x0000019b59f80000

Metaspace:

Usage:
  Non-class:     73.82 MB used.
      Class:      8.24 MB used.
       Both:     82.05 MB used.

Virtual space:
  Non-class space:      128.00 MB reserved,      74.88 MB ( 58%) committed,  2 nodes.
      Class space:        1.00 GB reserved,       9.06 MB ( <1%) committed,  1 nodes.
             Both:        1.12 GB reserved,      83.94 MB (  7%) committed. 

Chunk freelists:
   Non-Class:  4.98 MB
       Class:  6.97 MB
        Both:  11.95 MB

MaxMetaspaceSize: unlimited
CompressedClassSpaceSize: 1.00 GB
Initial GC threshold: 21.00 MB
Current GC threshold: 134.69 MB
CDS: on
 - commit_granule_bytes: 65536.
 - commit_granule_words: 8192.
 - virtual_space_node_default_size: 8388608.
 - enlarge_chunks_in_place: 1.
 - use_allocation_guard: 0.


Internal statistics:

num_allocs_failed_limit: 9.
num_arena_births: 1670.
num_arena_deaths: 20.
num_vsnodes_births: 3.
num_vsnodes_deaths: 0.
num_space_committed: 1343.
num_space_uncommitted: 0.
num_chunks_returned_to_freelist: 32.
num_chunks_taken_from_freelist: 5913.
num_chunk_merges: 14.
num_chunk_splits: 3621.
num_chunks_enlarged: 2019.
num_inconsistent_stats: 0.

CodeHeap 'non-profiled nmethods': size=120000Kb used=18844Kb max_used=18844Kb free=101155Kb
 bounds [0x0000019b67100000, 0x0000019b68370000, 0x0000019b6e630000]
CodeHeap 'profiled nmethods': size=120000Kb used=40334Kb max_used=41203Kb free=79665Kb
 bounds [0x0000019b5f630000, 0x0000019b61e70000, 0x0000019b66b60000]
CodeHeap 'non-nmethods': size=5760Kb used=1487Kb max_used=1574Kb free=4273Kb
 bounds [0x0000019b66b60000, 0x0000019b66dd0000, 0x0000019b67100000]
CodeCache: size=245760Kb, used=60665Kb, max_used=61621Kb, free=185093Kb
 total_blobs=17761, nmethods=16959, adapters=704, full_count=0
Compilation: enabled, stopped_count=0, restarted_count=0

Compilation events (20 events):
Event: 466.123 Thread 0x0000019b79011720 21252       3       java.lang.StringConcatHelper::prepend (37 bytes)
Event: 466.123 Thread 0x0000019b79011720 nmethod 21252 0x0000019b611f2a90 code [0x0000019b611f2c60, 0x0000019b611f2f20]
Event: 466.388 Thread 0x0000019b79011720 21253       3       org.eclipse.jdt.ls.core.internal.handlers.CodeActionHandler$ChangeCorrectionProposalComparator::compare (13 bytes)
Event: 466.388 Thread 0x0000019b79011720 nmethod 21253 0x0000019b611f2490 code [0x0000019b611f2660, 0x0000019b611f2998]
Event: 466.388 Thread 0x0000019b79011720 21254       3       org.eclipse.jdt.ls.core.internal.handlers.CodeActionHandler$ChangeCorrectionProposalComparator::compare (93 bytes)
Event: 466.388 Thread 0x0000019b79011720 nmethod 21254 0x0000019b60932790 code [0x0000019b60932a20, 0x0000019b609332a8]
Event: 466.388 Thread 0x0000019b79010fc0 21255       4       java.lang.String::equals (56 bytes)
Event: 466.389 Thread 0x0000019b79010fc0 nmethod 21255 0x0000019b68365790 code [0x0000019b68365920, 0x0000019b68365af0]
Event: 466.719 Thread 0x0000019b79011720 21256       3       org.eclipse.jdt.internal.core.index.DiskIndex::computeDocumentNames (607 bytes)
Event: 466.720 Thread 0x0000019b79011720 nmethod 21256 0x0000019b6092ed10 code [0x0000019b6092f140, 0x0000019b60931618]
Event: 466.730 Thread 0x0000019b79011720 21257       1       java.lang.ThreadGroup::getMaxPriority (5 bytes)
Event: 466.730 Thread 0x0000019b79011720 nmethod 21257 0x0000019b68365b90 code [0x0000019b68365d20, 0x0000019b68365de8]
Event: 466.835 Thread 0x0000019b79010fc0 21258       4       org.eclipse.core.internal.events.ResourceDelta::fixMovesAndMarkers (350 bytes)
Event: 466.841 Thread 0x0000019b79010fc0 nmethod 21258 0x0000019b68365e90 code [0x0000019b683660e0, 0x0000019b68366788]
Event: 466.863 Thread 0x0000019b79011720 21259   !   3       java.util.concurrent.ConcurrentHashMap::transfer (849 bytes)
Event: 466.864 Thread 0x0000019b79011720 nmethod 21259 0x0000019b6092b510 code [0x0000019b6092b900, 0x0000019b6092da20]
Event: 466.865 Thread 0x0000019b79010fc0 21260       4       java.lang.Thread::setContextClassLoader (28 bytes)
Event: 466.866 Thread 0x0000019b79010fc0 nmethod 21260 0x0000019b68366e90 code [0x0000019b68367020, 0x0000019b683670c8]
Event: 466.866 Thread 0x0000019b79011720 21261       3       java.util.Calendar::getSetStateFields (36 bytes)
Event: 466.866 Thread 0x0000019b79011720 nmethod 21261 0x0000019b611f1f90 code [0x0000019b611f2140, 0x0000019b611f2368]

GC Heap History (20 events):
Event: 465.714 GC heap after
{Heap after GC invocations=2031 (full 5):
 PSYoungGen      total 5632K, used 506K [0x00000000d5580000, 0x00000000d5e00000, 0x0000000100000000)
  eden space 5120K, 0% used [0x00000000d5580000,0x00000000d5580000,0x00000000d5a80000)
  from space 512K, 98% used [0x00000000d5d80000,0x00000000d5dfe900,0x00000000d5e00000)
  to   space 1024K, 0% used [0x00000000d5c00000,0x00000000d5c00000,0x00000000d5d00000)
 ParOldGen       total 1366528K, used 1366116K [0x0000000080000000, 0x00000000d3680000, 0x00000000d5580000)
  object space 1366528K, 99% used [0x0000000080000000,0x00000000d36190f8,0x00000000d3680000)
 Metaspace       used 83952K, committed 85888K, reserved 1179648K
  class space    used 8435K, committed 9280K, reserved 1048576K
}
Event: 465.721 GC heap before
{Heap before GC invocations=2032 (full 5):
 PSYoungGen      total 5632K, used 5626K [0x00000000d5580000, 0x00000000d5e00000, 0x0000000100000000)
  eden space 5120K, 100% used [0x00000000d5580000,0x00000000d5a80000,0x00000000d5a80000)
  from space 512K, 98% used [0x00000000d5d80000,0x00000000d5dfe900,0x00000000d5e00000)
  to   space 1024K, 0% used [0x00000000d5c00000,0x00000000d5c00000,0x00000000d5d00000)
 ParOldGen       total 1366528K, used 1366116K [0x0000000080000000, 0x00000000d3680000, 0x00000000d5580000)
  object space 1366528K, 99% used [0x0000000080000000,0x00000000d36190f8,0x00000000d3680000)
 Metaspace       used 83953K, committed 85888K, reserved 1179648K
  class space    used 8435K, committed 9280K, reserved 1048576K
}
Event: 465.722 GC heap after
{Heap after GC invocations=2032 (full 5):
 PSYoungGen      total 6144K, used 352K [0x00000000d5580000, 0x00000000d5e00000, 0x0000000100000000)
  eden space 5120K, 0% used [0x00000000d5580000,0x00000000d5580000,0x00000000d5a80000)
  from space 1024K, 34% used [0x00000000d5c00000,0x00000000d5c58000,0x00000000d5d00000)
  to   space 512K, 0% used [0x00000000d5d80000,0x00000000d5d80000,0x00000000d5e00000)
 ParOldGen       total 1367040K, used 1366536K [0x0000000080000000, 0x00000000d3700000, 0x00000000d5580000)
  object space 1367040K, 99% used [0x0000000080000000,0x00000000d36822f8,0x00000000d3700000)
 Metaspace       used 83953K, committed 85888K, reserved 1179648K
  class space    used 8435K, committed 9280K, reserved 1048576K
}
Event: 465.728 GC heap before
{Heap before GC invocations=2033 (full 5):
 PSYoungGen      total 6144K, used 5404K [0x00000000d5580000, 0x00000000d5e00000, 0x0000000100000000)
  eden space 5120K, 98% used [0x00000000d5580000,0x00000000d5a6f2b0,0x00000000d5a80000)
  from space 1024K, 34% used [0x00000000d5c00000,0x00000000d5c58000,0x00000000d5d00000)
  to   space 512K, 0% used [0x00000000d5d80000,0x00000000d5d80000,0x00000000d5e00000)
 ParOldGen       total 1367040K, used 1366536K [0x0000000080000000, 0x00000000d3700000, 0x00000000d5580000)
  object space 1367040K, 99% used [0x0000000080000000,0x00000000d36822f8,0x00000000d3700000)
 Metaspace       used 83959K, committed 85888K, reserved 1179648K
  class space    used 8436K, committed 9280K, reserved 1048576K
}
Event: 465.729 GC heap after
{Heap after GC invocations=2033 (full 5):
 PSYoungGen      total 5632K, used 256K [0x00000000d5580000, 0x00000000d5e00000, 0x0000000100000000)
  eden space 5120K, 0% used [0x00000000d5580000,0x00000000d5580000,0x00000000d5a80000)
  from space 512K, 50% used [0x00000000d5d80000,0x00000000d5dc0000,0x00000000d5e00000)
  to   space 512K, 0% used [0x00000000d5d00000,0x00000000d5d00000,0x00000000d5d80000)
 ParOldGen       total 1367040K, used 1366644K [0x0000000080000000, 0x00000000d3700000, 0x00000000d5580000)
  object space 1367040K, 99% used [0x0000000080000000,0x00000000d369d108,0x00000000d3700000)
 Metaspace       used 83959K, committed 85888K, reserved 1179648K
  class space    used 8436K, committed 9280K, reserved 1048576K
}
Event: 465.741 GC heap before
{Heap before GC invocations=2034 (full 5):
 PSYoungGen      total 5632K, used 5376K [0x00000000d5580000, 0x00000000d5e00000, 0x0000000100000000)
  eden space 5120K, 100% used [0x00000000d5580000,0x00000000d5a80000,0x00000000d5a80000)
  from space 512K, 50% used [0x00000000d5d80000,0x00000000d5dc0000,0x00000000d5e00000)
  to   space 512K, 0% used [0x00000000d5d00000,0x00000000d5d00000,0x00000000d5d80000)
 ParOldGen       total 1367040K, used 1366644K [0x0000000080000000, 0x00000000d3700000, 0x00000000d5580000)
  object space 1367040K, 99% used [0x0000000080000000,0x00000000d369d108,0x00000000d3700000)
 Metaspace       used 84009K, committed 85952K, reserved 1179648K
  class space    used 8436K, committed 9280K, reserved 1048576K
}
Event: 465.743 GC heap after
{Heap after GC invocations=2034 (full 5):
 PSYoungGen      total 5632K, used 500K [0x00000000d5580000, 0x00000000d5e00000, 0x0000000100000000)
  eden space 5120K, 0% used [0x00000000d5580000,0x00000000d5580000,0x00000000d5a80000)
  from space 512K, 97% used [0x00000000d5d00000,0x00000000d5d7d200,0x00000000d5d80000)
  to   space 512K, 0% used [0x00000000d5d80000,0x00000000d5d80000,0x00000000d5e00000)
 ParOldGen       total 1367040K, used 1366820K [0x0000000080000000, 0x00000000d3700000, 0x00000000d5580000)
  object space 1367040K, 99% used [0x0000000080000000,0x00000000d36c9108,0x00000000d3700000)
 Metaspace       used 84009K, committed 85952K, reserved 1179648K
  class space    used 8436K, committed 9280K, reserved 1048576K
}
Event: 466.114 GC heap before
{Heap before GC invocations=2035 (full 5):
 PSYoungGen      total 5632K, used 5620K [0x00000000d5580000, 0x00000000d5e00000, 0x0000000100000000)
  eden space 5120K, 99% used [0x00000000d5580000,0x00000000d5a7fff8,0x00000000d5a80000)
  from space 512K, 97% used [0x00000000d5d00000,0x00000000d5d7d200,0x00000000d5d80000)
  to   space 512K, 0% used [0x00000000d5d80000,0x00000000d5d80000,0x00000000d5e00000)
 ParOldGen       total 1367040K, used 1366820K [0x0000000080000000, 0x00000000d3700000, 0x00000000d5580000)
  object space 1367040K, 99% used [0x0000000080000000,0x00000000d36c9108,0x00000000d3700000)
 Metaspace       used 84016K, committed 85952K, reserved 1179648K
  class space    used 8436K, committed 9280K, reserved 1048576K
}
Event: 466.115 GC heap after
{Heap after GC invocations=2035 (full 5):
 PSYoungGen      total 5632K, used 500K [0x00000000d5580000, 0x00000000d5e00000, 0x0000000100000000)
  eden space 5120K, 0% used [0x00000000d5580000,0x00000000d5580000,0x00000000d5a80000)
  from space 512K, 97% used [0x00000000d5d80000,0x00000000d5dfd200,0x00000000d5e00000)
  to   space 1536K, 0% used [0x00000000d5b00000,0x00000000d5b00000,0x00000000d5c80000)
 ParOldGen       total 1367552K, used 1367456K [0x0000000080000000, 0x00000000d3780000, 0x00000000d5580000)
  object space 1367552K, 99% used [0x0000000080000000,0x00000000d37681f8,0x00000000d3780000)
 Metaspace       used 84016K, committed 85952K, reserved 1179648K
  class space    used 8436K, committed 9280K, reserved 1048576K
}
Event: 466.386 GC heap before
{Heap before GC invocations=2036 (full 5):
 PSYoungGen      total 5632K, used 5620K [0x00000000d5580000, 0x00000000d5e00000, 0x0000000100000000)
  eden space 5120K, 100% used [0x00000000d5580000,0x00000000d5a80000,0x00000000d5a80000)
  from space 512K, 97% used [0x00000000d5d80000,0x00000000d5dfd200,0x00000000d5e00000)
  to   space 1536K, 0% used [0x00000000d5b00000,0x00000000d5b00000,0x00000000d5c80000)
 ParOldGen       total 1367552K, used 1367456K [0x0000000080000000, 0x00000000d3780000, 0x00000000d5580000)
  object space 1367552K, 99% used [0x0000000080000000,0x00000000d37681f8,0x00000000d3780000)
 Metaspace       used 84016K, committed 85952K, reserved 1179648K
  class space    used 8436K, committed 9280K, reserved 1048576K
}
Event: 466.387 GC heap after
{Heap after GC invocations=2036 (full 5):
 PSYoungGen      total 6656K, used 352K [0x00000000d5580000, 0x00000000d5e00000, 0x0000000100000000)
  eden space 5120K, 0% used [0x00000000d5580000,0x00000000d5580000,0x00000000d5a80000)
  from space 1536K, 22% used [0x00000000d5b00000,0x00000000d5b58000,0x00000000d5c80000)
  to   space 1024K, 0% used [0x00000000d5d00000,0x00000000d5d00000,0x00000000d5e00000)
 ParOldGen       total 1368064K, used 1367929K [0x0000000080000000, 0x00000000d3800000, 0x00000000d5580000)
  object space 1368064K, 99% used [0x0000000080000000,0x00000000d37de408,0x00000000d3800000)
 Metaspace       used 84016K, committed 85952K, reserved 1179648K
  class space    used 8436K, committed 9280K, reserved 1048576K
}
Event: 466.840 GC heap before
{Heap before GC invocations=2037 (full 5):
 PSYoungGen      total 6656K, used 5471K [0x00000000d5580000, 0x00000000d5e00000, 0x0000000100000000)
  eden space 5120K, 99% used [0x00000000d5580000,0x00000000d5a7ffb8,0x00000000d5a80000)
  from space 1536K, 22% used [0x00000000d5b00000,0x00000000d5b58000,0x00000000d5c80000)
  to   space 1024K, 0% used [0x00000000d5d00000,0x00000000d5d00000,0x00000000d5e00000)
 ParOldGen       total 1368064K, used 1367929K [0x0000000080000000, 0x00000000d3800000, 0x00000000d5580000)
  object space 1368064K, 99% used [0x0000000080000000,0x00000000d37de408,0x00000000d3800000)
 Metaspace       used 84022K, committed 85952K, reserved 1179648K
  class space    used 8436K, committed 9280K, reserved 1048576K
}
Event: 466.841 GC heap after
{Heap after GC invocations=2037 (full 5):
 PSYoungGen      total 5632K, used 288K [0x00000000d5580000, 0x00000000d5d80000, 0x0000000100000000)
  eden space 5120K, 0% used [0x00000000d5580000,0x00000000d5580000,0x00000000d5a80000)
  from space 512K, 56% used [0x00000000d5d00000,0x00000000d5d48000,0x00000000d5d80000)
  to   space 512K, 0% used [0x00000000d5c80000,0x00000000d5c80000,0x00000000d5d00000)
 ParOldGen       total 1368576K, used 1368201K [0x0000000080000000, 0x00000000d3880000, 0x00000000d5580000)
  object space 1368576K, 99% used [0x0000000080000000,0x00000000d3822408,0x00000000d3880000)
 Metaspace       used 84022K, committed 85952K, reserved 1179648K
  class space    used 8436K, committed 9280K, reserved 1048576K
}
Event: 466.850 GC heap before
{Heap before GC invocations=2038 (full 5):
 PSYoungGen      total 5632K, used 5408K [0x00000000d5580000, 0x00000000d5d80000, 0x0000000100000000)
  eden space 5120K, 100% used [0x00000000d5580000,0x00000000d5a80000,0x00000000d5a80000)
  from space 512K, 56% used [0x00000000d5d00000,0x00000000d5d48000,0x00000000d5d80000)
  to   space 512K, 0% used [0x00000000d5c80000,0x00000000d5c80000,0x00000000d5d00000)
 ParOldGen       total 1368576K, used 1368201K [0x0000000080000000, 0x00000000d3880000, 0x00000000d5580000)
  object space 1368576K, 99% used [0x0000000080000000,0x00000000d3822408,0x00000000d3880000)
 Metaspace       used 84022K, committed 85952K, reserved 1179648K
  class space    used 8436K, committed 9280K, reserved 1048576K
}
Event: 466.852 GC heap after
{Heap after GC invocations=2038 (full 5):
 PSYoungGen      total 5632K, used 500K [0x00000000d5580000, 0x00000000d6380000, 0x0000000100000000)
  eden space 5120K, 0% used [0x00000000d5580000,0x00000000d5580000,0x00000000d5a80000)
  from space 512K, 97% used [0x00000000d5c80000,0x00000000d5cfd260,0x00000000d5d00000)
  to   space 4608K, 0% used [0x00000000d5f00000,0x00000000d5f00000,0x00000000d6380000)
 ParOldGen       total 1371648K, used 1371383K [0x0000000080000000, 0x00000000d3b80000, 0x00000000d5580000)
  object space 1371648K, 99% used [0x0000000080000000,0x00000000d3b3dfb8,0x00000000d3b80000)
 Metaspace       used 84022K, committed 85952K, reserved 1179648K
  class space    used 8436K, committed 9280K, reserved 1048576K
}
Event: 466.872 GC heap before
{Heap before GC invocations=2039 (full 5):
 PSYoungGen      total 5632K, used 2686K [0x00000000d5580000, 0x00000000d6380000, 0x0000000100000000)
  eden space 5120K, 42% used [0x00000000d5580000,0x00000000d57a2970,0x00000000d5a80000)
  from space 512K, 97% used [0x00000000d5c80000,0x00000000d5cfd260,0x00000000d5d00000)
  to   space 4608K, 0% used [0x00000000d5f00000,0x00000000d5f00000,0x00000000d6380000)
 ParOldGen       total 1398272K, used 1390583K [0x0000000080000000, 0x00000000d5580000, 0x00000000d5580000)
  object space 1398272K, 99% used [0x0000000080000000,0x00000000d4dfdfd8,0x00000000d5580000)
 Metaspace       used 84023K, committed 85952K, reserved 1179648K
  class space    used 8436K, committed 9280K, reserved 1048576K
}
Event: 466.873 GC heap after
{Heap after GC invocations=2039 (full 5):
 PSYoungGen      total 5632K, used 416K [0x00000000d5580000, 0x00000000d5f80000, 0x0000000100000000)
  eden space 5120K, 0% used [0x00000000d5580000,0x00000000d5580000,0x00000000d5a80000)
  from space 512K, 81% used [0x00000000d5f00000,0x00000000d5f68000,0x00000000d5f80000)
  to   space 2048K, 0% used [0x00000000d5b80000,0x00000000d5b80000,0x00000000d5d80000)
 ParOldGen       total 1398272K, used 1390679K [0x0000000080000000, 0x00000000d5580000, 0x00000000d5580000)
  object space 1398272K, 99% used [0x0000000080000000,0x00000000d4e15fd8,0x00000000d5580000)
 Metaspace       used 84023K, committed 85952K, reserved 1179648K
  class space    used 8436K, committed 9280K, reserved 1048576K
}
Event: 466.873 GC heap before
{Heap before GC invocations=2040 (full 5):
 PSYoungGen      total 5632K, used 416K [0x00000000d5580000, 0x00000000d5f80000, 0x0000000100000000)
  eden space 5120K, 0% used [0x00000000d5580000,0x00000000d5580000,0x00000000d5a80000)
  from space 512K, 81% used [0x00000000d5f00000,0x00000000d5f68000,0x00000000d5f80000)
  to   space 2048K, 0% used [0x00000000d5b80000,0x00000000d5b80000,0x00000000d5d80000)
 ParOldGen       total 1398272K, used 1390679K [0x0000000080000000, 0x00000000d5580000, 0x00000000d5580000)
  object space 1398272K, 99% used [0x0000000080000000,0x00000000d4e15fd8,0x00000000d5580000)
 Metaspace       used 84023K, committed 85952K, reserved 1179648K
  class space    used 8436K, committed 9280K, reserved 1048576K
}
Event: 466.874 GC heap after
{Heap after GC invocations=2040 (full 5):
 PSYoungGen      total 8192K, used 0K [0x00000000d5580000, 0x00000000d5f80000, 0x0000000100000000)
  eden space 6144K, 0% used [0x00000000d5580000,0x00000000d5580000,0x00000000d5b80000)
  from space 2048K, 0% used [0x00000000d5b80000,0x00000000d5b80000,0x00000000d5d80000)
  to   space 512K, 0% used [0x00000000d5f00000,0x00000000d5f00000,0x00000000d5f80000)
 ParOldGen       total 1398272K, used 1391020K [0x0000000080000000, 0x00000000d5580000, 0x00000000d5580000)
  object space 1398272K, 99% used [0x0000000080000000,0x00000000d4e6b028,0x00000000d5580000)
 Metaspace       used 84023K, committed 85952K, reserved 1179648K
  class space    used 8436K, committed 9280K, reserved 1048576K
}
Event: 466.874 GC heap before
{Heap before GC invocations=2041 (full 6):
 PSYoungGen      total 8192K, used 0K [0x00000000d5580000, 0x00000000d5f80000, 0x0000000100000000)
  eden space 6144K, 0% used [0x00000000d5580000,0x00000000d5580000,0x00000000d5b80000)
  from space 2048K, 0% used [0x00000000d5b80000,0x00000000d5b80000,0x00000000d5d80000)
  to   space 512K, 0% used [0x00000000d5f00000,0x00000000d5f00000,0x00000000d5f80000)
 ParOldGen       total 1398272K, used 1391020K [0x0000000080000000, 0x00000000d5580000, 0x00000000d5580000)
  object space 1398272K, 99% used [0x0000000080000000,0x00000000d4e6b028,0x00000000d5580000)
 Metaspace       used 84023K, committed 85952K, reserved 1179648K
  class space    used 8436K, committed 9280K, reserved 1048576K
}

Dll operation events (10 events):
Event: 0.004 Loaded shared library c:\Users\User\.vscode\extensions\redhat.java-1.54.0-win32-x64\jre\21.0.10-win32-x86_64\bin\java.dll
Event: 0.039 Loaded shared library c:\Users\User\.vscode\extensions\redhat.java-1.54.0-win32-x64\jre\21.0.10-win32-x86_64\bin\zip.dll
Event: 0.049 Loaded shared library C:\Users\User\.vscode\extensions\redhat.java-1.54.0-win32-x64\jre\21.0.10-win32-x86_64\bin\instrument.dll
Event: 0.053 Loaded shared library C:\Users\User\.vscode\extensions\redhat.java-1.54.0-win32-x64\jre\21.0.10-win32-x86_64\bin\net.dll
Event: 0.077 Loaded shared library C:\Users\User\.vscode\extensions\redhat.java-1.54.0-win32-x64\jre\21.0.10-win32-x86_64\bin\nio.dll
Event: 0.080 Loaded shared library C:\Users\User\.vscode\extensions\redhat.java-1.54.0-win32-x64\jre\21.0.10-win32-x86_64\bin\zip.dll
Event: 0.089 Loaded shared library C:\Users\User\.vscode\extensions\redhat.java-1.54.0-win32-x64\jre\21.0.10-win32-x86_64\bin\jimage.dll
Event: 0.146 Loaded shared library c:\Users\User\.vscode\extensions\redhat.java-1.54.0-win32-x64\jre\21.0.10-win32-x86_64\bin\verify.dll
Event: 4.353 Loaded shared library C:\Users\User\AppData\Roaming\Code\User\globalStorage\redhat.java\1.54.0\config_win\org.eclipse.equinox.launcher\org.eclipse.equinox.launcher.win32.win32.x86_64_1.3.0.v20260203-2149\eclipse_11919.dll
Event: 9.583 Loaded shared library C:\Users\User\AppData\Local\Temp\jna-2645995\jna18358079126503922598.dll

Deoptimization events (20 events):
Event: 466.387 Thread 0x0000019b7a538ff0 DEOPT PACKING pc=0x0000019b677f9844 sp=0x0000000ed3efea00
Event: 466.387 Thread 0x0000019b7a538ff0 DEOPT UNPACKING pc=0x0000019b66bb3aa2 sp=0x0000000ed3efe980 mode 2
Event: 466.387 Thread 0x0000019b7a538ff0 Uncommon trap: trap_request=0xffffffc6 fr.pc=0x0000019b677f9844 relative=0x0000000000000464
Event: 466.387 Thread 0x0000019b7a538ff0 Uncommon trap: reason=bimorphic_or_optimized_type_check action=maybe_recompile pc=0x0000019b677f9844 method=org.eclipse.jdt.internal.compiler.lookup.ParameterizedTypeBinding.isEquivalentTo(Lorg/eclipse/jdt/internal/compiler/lookup/TypeBinding;)Z @ 17 c2
Event: 466.387 Thread 0x0000019b7a538ff0 DEOPT PACKING pc=0x0000019b677f9844 sp=0x0000000ed3efea00
Event: 466.387 Thread 0x0000019b7a538ff0 DEOPT UNPACKING pc=0x0000019b66bb3aa2 sp=0x0000000ed3efe980 mode 2
Event: 466.387 Thread 0x0000019b7a538ff0 Uncommon trap: trap_request=0xffffffc6 fr.pc=0x0000019b677f9844 relative=0x0000000000000464
Event: 466.387 Thread 0x0000019b7a538ff0 Uncommon trap: reason=bimorphic_or_optimized_type_check action=maybe_recompile pc=0x0000019b677f9844 method=org.eclipse.jdt.internal.compiler.lookup.ParameterizedTypeBinding.isEquivalentTo(Lorg/eclipse/jdt/internal/compiler/lookup/TypeBinding;)Z @ 17 c2
Event: 466.387 Thread 0x0000019b7a538ff0 DEOPT PACKING pc=0x0000019b677f9844 sp=0x0000000ed3efea00
Event: 466.387 Thread 0x0000019b7a538ff0 DEOPT UNPACKING pc=0x0000019b66bb3aa2 sp=0x0000000ed3efe980 mode 2
Event: 466.387 Thread 0x0000019b7a538ff0 Uncommon trap: trap_request=0xffffffc6 fr.pc=0x0000019b677f9844 relative=0x0000000000000464
Event: 466.387 Thread 0x0000019b7a538ff0 Uncommon trap: reason=bimorphic_or_optimized_type_check action=maybe_recompile pc=0x0000019b677f9844 method=org.eclipse.jdt.internal.compiler.lookup.ParameterizedTypeBinding.isEquivalentTo(Lorg/eclipse/jdt/internal/compiler/lookup/TypeBinding;)Z @ 17 c2
Event: 466.387 Thread 0x0000019b7a538ff0 DEOPT PACKING pc=0x0000019b677f9844 sp=0x0000000ed3efea00
Event: 466.387 Thread 0x0000019b7a538ff0 DEOPT UNPACKING pc=0x0000019b66bb3aa2 sp=0x0000000ed3efe980 mode 2
Event: 466.730 Thread 0x0000019b7a4f4ca0 Uncommon trap: trap_request=0xffffffde fr.pc=0x0000019b67943cec relative=0x000000000000048c
Event: 466.730 Thread 0x0000019b7a4f4ca0 Uncommon trap: reason=class_check action=maybe_recompile pc=0x0000019b67943cec method=java.util.AbstractMap.hashCode()I @ 3 c2
Event: 466.730 Thread 0x0000019b7a4f4ca0 DEOPT PACKING pc=0x0000019b67943cec sp=0x0000000ed26fe7e0
Event: 466.730 Thread 0x0000019b7a4f4ca0 DEOPT UNPACKING pc=0x0000019b66bb3aa2 sp=0x0000000ed26fe780 mode 2
Event: 466.866 Thread 0x0000019b7a310cc0 DEOPT PACKING pc=0x0000019b6092d8c3 sp=0x0000000ed29fd030
Event: 466.866 Thread 0x0000019b7a310cc0 DEOPT UNPACKING pc=0x0000019b66bb4242 sp=0x0000000ed29fc540 mode 0

Classes loaded (20 events):
Event: 313.920 Loading class java/util/stream/Nodes$AbstractConcNode done
Event: 313.920 Loading class java/util/stream/Nodes$ConcNode done
Event: 313.928 Loading class java/io/ObjectOutputStream$BlockDataOutputStream
Event: 313.928 Loading class java/io/ObjectOutputStream$BlockDataOutputStream done
Event: 313.928 Loading class java/io/ObjectOutputStream$HandleTable
Event: 313.929 Loading class java/io/ObjectOutputStream$HandleTable done
Event: 313.929 Loading class java/io/ObjectOutputStream$ReplaceTable
Event: 313.929 Loading class java/io/ObjectOutputStream$ReplaceTable done
Event: 420.019 Loading class jdk/internal/icu/text/NormalizerBase$NFCModeImpl
Event: 420.019 Loading class jdk/internal/icu/text/NormalizerBase$NFCModeImpl done
Event: 420.019 Loading class jdk/internal/icu/impl/Norm2AllModes$NFCSingleton
Event: 420.019 Loading class jdk/internal/icu/impl/Norm2AllModes$NFCSingleton done
Event: 420.020 Loading class java/nio/StringCharBuffer
Event: 420.020 Loading class java/nio/StringCharBuffer done
Event: 454.920 Loading class java/lang/Throwable$WrappedPrintWriter
Event: 454.920 Loading class java/lang/Throwable$PrintStreamOrWriter
Event: 454.920 Loading class java/lang/Throwable$PrintStreamOrWriter done
Event: 454.920 Loading class java/lang/Throwable$WrappedPrintWriter done
Event: 454.922 Loading class java/lang/Throwable$WrappedPrintStream
Event: 454.922 Loading class java/lang/Throwable$WrappedPrintStream done

Classes unloaded (10 events):
Event: 9.842 Thread 0x0000019b5c3c3030 Unloading class 0x0000019b011acc00 'java/lang/invoke/LambdaForm$MH+0x0000019b011acc00'
Event: 9.842 Thread 0x0000019b5c3c3030 Unloading class 0x0000019b011ac800 'java/lang/invoke/LambdaForm$MH+0x0000019b011ac800'
Event: 9.842 Thread 0x0000019b5c3c3030 Unloading class 0x0000019b011ac400 'java/lang/invoke/LambdaForm$MH+0x0000019b011ac400'
Event: 9.842 Thread 0x0000019b5c3c3030 Unloading class 0x0000019b011ac000 'java/lang/invoke/LambdaForm$MH+0x0000019b011ac000'
Event: 9.842 Thread 0x0000019b5c3c3030 Unloading class 0x0000019b011abc00 'java/lang/invoke/LambdaForm$BMH+0x0000019b011abc00'
Event: 9.842 Thread 0x0000019b5c3c3030 Unloading class 0x0000019b011ab800 'java/lang/invoke/LambdaForm$DMH+0x0000019b011ab800'
Event: 9.842 Thread 0x0000019b5c3c3030 Unloading class 0x0000019b011aa400 'java/lang/invoke/LambdaForm$DMH+0x0000019b011aa400'
Event: 13.192 Thread 0x0000019b5c3c3030 Unloading class 0x0000019b016b8400 'java/lang/invoke/LambdaForm$DMH+0x0000019b016b8400'
Event: 13.192 Thread 0x0000019b5c3c3030 Unloading class 0x0000019b016b9000 'java/lang/invoke/LambdaForm$DMH+0x0000019b016b9000'
Event: 13.192 Thread 0x0000019b5c3c3030 Unloading class 0x0000019b016b8800 'java/lang/invoke/LambdaForm$DMH+0x0000019b016b8800'

Classes redefined (0 events):
No events

Internal exceptions (20 events):
Event: 441.080 Thread 0x0000019b7a533410 Exception <a 'java/lang/ArrayIndexOutOfBoundsException'{0x00000000d5668c20}> (0x00000000d5668c20) 
thrown [s\src\hotspot\share\runtime\sharedRuntime.cpp, line 625]
Event: 441.080 Thread 0x0000019b7a533410 Exception <a 'java/lang/ArrayIndexOutOfBoundsException'{0x00000000d5669260}> (0x00000000d5669260) 
thrown [s\src\hotspot\share\runtime\sharedRuntime.cpp, line 625]
Event: 441.080 Thread 0x0000019b7a533410 Exception <a 'java/lang/ArrayIndexOutOfBoundsException'{0x00000000d56695f0}> (0x00000000d56695f0) 
thrown [s\src\hotspot\share\runtime\sharedRuntime.cpp, line 625]
Event: 441.176 Thread 0x0000019b7a533410 Exception <a 'java/lang/ArrayIndexOutOfBoundsException'{0x00000000d59458c8}> (0x00000000d59458c8) 
thrown [s\src\hotspot\share\runtime\sharedRuntime.cpp, line 625]
Event: 441.176 Thread 0x0000019b7a533410 Exception <a 'java/lang/ArrayIndexOutOfBoundsException'{0x00000000d5945f08}> (0x00000000d5945f08) 
thrown [s\src\hotspot\share\runtime\sharedRuntime.cpp, line 625]
Event: 441.176 Thread 0x0000019b7a533410 Exception <a 'java/lang/ArrayIndexOutOfBoundsException'{0x00000000d5946298}> (0x00000000d5946298) 
thrown [s\src\hotspot\share\runtime\sharedRuntime.cpp, line 625]
Event: 441.995 Thread 0x0000019b7a533410 Exception <a 'java/lang/ArrayIndexOutOfBoundsException'{0x00000000d57f6380}> (0x00000000d57f6380) 
thrown [s\src\hotspot\share\runtime\sharedRuntime.cpp, line 625]
Event: 441.995 Thread 0x0000019b7a533410 Exception <a 'java/lang/ArrayIndexOutOfBoundsException'{0x00000000d57f69c0}> (0x00000000d57f69c0) 
thrown [s\src\hotspot\share\runtime\sharedRuntime.cpp, line 625]
Event: 441.995 Thread 0x0000019b7a533410 Exception <a 'java/lang/ArrayIndexOutOfBoundsException'{0x00000000d57f6d50}> (0x00000000d57f6d50) 
thrown [s\src\hotspot\share\runtime\sharedRuntime.cpp, line 625]
Event: 447.836 Thread 0x0000019b7a314140 Exception <a 'sun/nio/fs/WindowsException'{0x00000000d58de480}> (0x00000000d58de480) 
thrown [s\src\hotspot\share\prims\jni.cpp, line 520]
Event: 447.921 Thread 0x0000019b7a314140 Exception <a 'sun/nio/fs/WindowsException'{0x00000000d597aa08}> (0x00000000d597aa08) 
thrown [s\src\hotspot\share\prims\jni.cpp, line 520]
Event: 450.259 Thread 0x0000019b7a314140 Exception <a 'sun/nio/fs/WindowsException'{0x00000000d5c34860}> (0x00000000d5c34860) 
thrown [s\src\hotspot\share\prims\jni.cpp, line 520]
Event: 450.351 Thread 0x0000019b7a314140 Exception <a 'sun/nio/fs/WindowsException'{0x00000000d56afb00}> (0x00000000d56afb00) 
thrown [s\src\hotspot\share\prims\jni.cpp, line 520]
Event: 454.891 Thread 0x0000019b7a314140 Exception <a 'sun/nio/fs/WindowsException'{0x00000000d5601ae0}> (0x00000000d5601ae0) 
thrown [s\src\hotspot\share\prims\jni.cpp, line 520]
Event: 454.919 Thread 0x0000019b7a314140 Implicit null exception at 0x0000019b67891ab8 to 0x0000019b67893fa8
Event: 455.053 Thread 0x0000019b7a310cc0 Exception <a 'sun/nio/fs/WindowsException'{0x00000000d58fafe0}> (0x00000000d58fafe0) 
thrown [s\src\hotspot\share\prims\jni.cpp, line 520]
Event: 455.441 Thread 0x0000019b7a4f4610 Exception <a 'sun/nio/fs/WindowsException'{0x00000000d59bf908}> (0x00000000d59bf908) 
thrown [s\src\hotspot\share\prims\jni.cpp, line 520]
Event: 458.925 Thread 0x0000019b7a4f4610 Implicit null exception at 0x0000019b6788b57d to 0x0000019b6788d1d8
Event: 459.080 Thread 0x0000019b7a023790 Exception <a 'sun/nio/fs/WindowsException'{0x00000000d5a5a6e0}> (0x00000000d5a5a6e0) 
thrown [s\src\hotspot\share\prims\jni.cpp, line 520]
Event: 459.443 Thread 0x0000019b7a4f4ca0 Exception <a 'sun/nio/fs/WindowsException'{0x00000000d5631148}> (0x00000000d5631148) 
thrown [s\src\hotspot\share\prims\jni.cpp, line 520]

ZGC Phase Switch (0 events):
No events

VM Operations (20 events):
Event: 465.617 Executing safepoint VM operation: ParallelGCFailedAllocation (Allocation Failure) done
Event: 465.705 Executing safepoint VM operation: ParallelGCFailedAllocation (Allocation Failure)
Event: 465.706 Executing safepoint VM operation: ParallelGCFailedAllocation (Allocation Failure) done
Event: 465.712 Executing safepoint VM operation: ParallelGCFailedAllocation (Allocation Failure)
Event: 465.714 Executing safepoint VM operation: ParallelGCFailedAllocation (Allocation Failure) done
Event: 465.721 Executing safepoint VM operation: ParallelGCFailedAllocation (Allocation Failure)
Event: 465.722 Executing safepoint VM operation: ParallelGCFailedAllocation (Allocation Failure) done
Event: 465.728 Executing safepoint VM operation: ParallelGCFailedAllocation (Allocation Failure)
Event: 465.729 Executing safepoint VM operation: ParallelGCFailedAllocation (Allocation Failure) done
Event: 465.741 Executing safepoint VM operation: ParallelGCFailedAllocation (Allocation Failure)
Event: 465.743 Executing safepoint VM operation: ParallelGCFailedAllocation (Allocation Failure) done
Event: 466.114 Executing safepoint VM operation: ParallelGCFailedAllocation (Allocation Failure)
Event: 466.115 Executing safepoint VM operation: ParallelGCFailedAllocation (Allocation Failure) done
Event: 466.386 Executing safepoint VM operation: ParallelGCFailedAllocation (Allocation Failure)
Event: 466.387 Executing safepoint VM operation: ParallelGCFailedAllocation (Allocation Failure) done
Event: 466.840 Executing safepoint VM operation: ParallelGCFailedAllocation (Allocation Failure)
Event: 466.841 Executing safepoint VM operation: ParallelGCFailedAllocation (Allocation Failure) done
Event: 466.850 Executing safepoint VM operation: ParallelGCFailedAllocation (Allocation Failure)
Event: 466.852 Executing safepoint VM operation: ParallelGCFailedAllocation (Allocation Failure) done
Event: 466.872 Executing safepoint VM operation: ParallelGCFailedAllocation (Allocation Failure)

Memory protections (0 events):
No events

Nmethod flushes (20 events):
Event: 323.278 Thread 0x0000019b5c3c3030 flushing  nmethod 0x0000019b617f0210
Event: 323.278 Thread 0x0000019b5c3c3030 flushing  nmethod 0x0000019b617f2910
Event: 323.278 Thread 0x0000019b5c3c3030 flushing  nmethod 0x0000019b617fc810
Event: 323.278 Thread 0x0000019b5c3c3030 flushing  nmethod 0x0000019b617ff290
Event: 323.278 Thread 0x0000019b5c3c3030 flushing  nmethod 0x0000019b61803290
Event: 323.278 Thread 0x0000019b5c3c3030 flushing  nmethod 0x0000019b61805090
Event: 323.278 Thread 0x0000019b5c3c3030 flushing  nmethod 0x0000019b61807510
Event: 323.278 Thread 0x0000019b5c3c3030 flushing  nmethod 0x0000019b6180c990
Event: 323.278 Thread 0x0000019b5c3c3030 flushing  nmethod 0x0000019b61810f90
Event: 323.278 Thread 0x0000019b5c3c3030 flushing  nmethod 0x0000019b6181bc90
Event: 323.278 Thread 0x0000019b5c3c3030 flushing  nmethod 0x0000019b61834190
Event: 323.278 Thread 0x0000019b5c3c3030 flushing  nmethod 0x0000019b6183c710
Event: 323.278 Thread 0x0000019b5c3c3030 flushing  nmethod 0x0000019b618b7890
Event: 323.278 Thread 0x0000019b5c3c3030 flushing  nmethod 0x0000019b618c8d10
Event: 323.278 Thread 0x0000019b5c3c3030 flushing  nmethod 0x0000019b618d7f90
Event: 323.278 Thread 0x0000019b5c3c3030 flushing  nmethod 0x0000019b618fd010
Event: 323.278 Thread 0x0000019b5c3c3030 flushing osr nmethod 0x0000019b61901390
Event: 323.278 Thread 0x0000019b5c3c3030 flushing  nmethod 0x0000019b61936f10
Event: 323.278 Thread 0x0000019b5c3c3030 flushing  nmethod 0x0000019b61938810
Event: 323.278 Thread 0x0000019b5c3c3030 flushing  nmethod 0x0000019b61a0ba90

Events (20 events):
Event: 357.282 Thread 0x0000019b79011720 Thread added: 0x0000019b7a915a00
Event: 357.354 Thread 0x0000019b79010fc0 Thread added: 0x0000019b7e4ecbc0
Event: 357.627 Thread 0x0000019b7e4ecbc0 Thread exited: 0x0000019b7e4ecbc0
Event: 357.627 Thread 0x0000019b7a915a00 Thread exited: 0x0000019b7a915a00
Event: 418.291 Thread 0x0000019b79011720 Thread added: 0x0000019b7e4e9540
Event: 418.291 Thread 0x0000019b79011720 Thread added: 0x0000019b7e4ecbc0
Event: 418.601 Thread 0x0000019b7e4ecbc0 Thread exited: 0x0000019b7e4ecbc0
Event: 418.806 Thread 0x0000019b7e4e9540 Thread exited: 0x0000019b7e4e9540
Event: 419.986 Thread 0x0000019b79011720 Thread added: 0x0000019b7e4e9540
Event: 420.224 Thread 0x0000019b7e4e9540 Thread exited: 0x0000019b7e4e9540
Event: 428.218 Thread 0x0000019b79011720 Thread added: 0x0000019b7e4e9540
Event: 428.594 Thread 0x0000019b7e4e9540 Thread exited: 0x0000019b7e4e9540
Event: 454.922 Thread 0x0000019b7a314140 Thread added: 0x0000019b7a4f4610
Event: 454.922 Thread 0x0000019b7a314140 Thread exited: 0x0000019b7a314140
Event: 457.952 Thread 0x0000019b79011720 Thread added: 0x0000019b7dffc0d0
Event: 458.109 Thread 0x0000019b7dffc0d0 Thread exited: 0x0000019b7dffc0d0
Event: 458.926 Thread 0x0000019b7a4f4610 Thread added: 0x0000019b7a4f4ca0
Event: 458.927 Thread 0x0000019b7a4f4610 Thread exited: 0x0000019b7a4f4610
Event: 466.730 Thread 0x0000019b7a4f4ca0 Thread added: 0x0000019b7a025860
Event: 466.730 Thread 0x0000019b7a4f4ca0 Thread exited: 0x0000019b7a4f4ca0


Dynamic libraries:
0x00007ff60b6d0000 - 0x00007ff60b6de000 	c:\Users\User\.vscode\extensions\redhat.java-1.54.0-win32-x64\jre\21.0.10-win32-x86_64\bin\java.exe
0x00007fffb97b0000 - 0x00007fffb99a8000 	C:\Windows\SYSTEM32\ntdll.dll
0x00007fffb7f40000 - 0x00007fffb8002000 	C:\Windows\System32\KERNEL32.DLL
0x00007fffb6ef0000 - 0x00007fffb71e6000 	C:\Windows\System32\KERNELBASE.dll
0x00007fffb71f0000 - 0x00007fffb72f0000 	C:\Windows\System32\ucrtbase.dll
0x00007fff942d0000 - 0x00007fff942e8000 	c:\Users\User\.vscode\extensions\redhat.java-1.54.0-win32-x64\jre\21.0.10-win32-x86_64\bin\jli.dll
0x00007fff942b0000 - 0x00007fff942ce000 	c:\Users\User\.vscode\extensions\redhat.java-1.54.0-win32-x64\jre\21.0.10-win32-x86_64\bin\VCRUNTIME140.dll
0x00007fffb8d30000 - 0x00007fffb8ed1000 	C:\Windows\System32\USER32.dll
0x00007fffb7340000 - 0x00007fffb7362000 	C:\Windows\System32\win32u.dll
0x00007fffb6170000 - 0x00007fffb640b000 	C:\Windows\WinSxS\amd64_microsoft.windows.common-controls_6595b64144ccf1df_6.0.19041.6456_none_60b8a6cb71f64256\COMCTL32.dll
0x00007fffb9720000 - 0x00007fffb974b000 	C:\Windows\System32\GDI32.dll
0x00007fffb8f50000 - 0x00007fffb8fee000 	C:\Windows\System32\msvcrt.dll
0x00007fffb7370000 - 0x00007fffb7489000 	C:\Windows\System32\gdi32full.dll
0x00007fffb7680000 - 0x00007fffb771d000 	C:\Windows\System32\msvcp_win.dll
0x00007fffb8d00000 - 0x00007fffb8d2f000 	C:\Windows\System32\IMM32.DLL
0x00007fffa0aa0000 - 0x00007fffa0aac000 	c:\Users\User\.vscode\extensions\redhat.java-1.54.0-win32-x64\jre\21.0.10-win32-x86_64\bin\vcruntime140_1.dll
0x00007fff06990000 - 0x00007fff06a1d000 	c:\Users\User\.vscode\extensions\redhat.java-1.54.0-win32-x64\jre\21.0.10-win32-x86_64\bin\msvcp140.dll
0x00007ffeeef20000 - 0x00007ffeefcc1000 	c:\Users\User\.vscode\extensions\redhat.java-1.54.0-win32-x64\jre\21.0.10-win32-x86_64\bin\server\jvm.dll
0x00007fffb9660000 - 0x00007fffb9711000 	C:\Windows\System32\ADVAPI32.dll
0x00007fffb86c0000 - 0x00007fffb875f000 	C:\Windows\System32\sechost.dll
0x00007fffb9530000 - 0x00007fffb9650000 	C:\Windows\System32\RPCRT4.dll
0x00007fffb6ec0000 - 0x00007fffb6ee7000 	C:\Windows\System32\bcrypt.dll
0x00007fffb8ee0000 - 0x00007fffb8f4b000 	C:\Windows\System32\WS2_32.dll
0x00007fffb6ca0000 - 0x00007fffb6ceb000 	C:\Windows\SYSTEM32\POWRPROF.dll
0x00007fffadb20000 - 0x00007fffadb47000 	C:\Windows\SYSTEM32\WINMM.dll
0x00007fffafc20000 - 0x00007fffafc2a000 	C:\Windows\SYSTEM32\VERSION.dll
0x00007fffb6c80000 - 0x00007fffb6c92000 	C:\Windows\SYSTEM32\UMPDC.dll
0x00007fffb45f0000 - 0x00007fffb4602000 	C:\Windows\SYSTEM32\kernel.appcore.dll
0x00007fffa03b0000 - 0x00007fffa03ba000 	c:\Users\User\.vscode\extensions\redhat.java-1.54.0-win32-x64\jre\21.0.10-win32-x86_64\bin\jimage.dll
0x00007fffb6710000 - 0x00007fffb6911000 	C:\Windows\SYSTEM32\DBGHELP.DLL
0x00007fffb66d0000 - 0x00007fffb6704000 	C:\Windows\SYSTEM32\dbgcore.DLL
0x00007fffb7490000 - 0x00007fffb7512000 	C:\Windows\System32\bcryptPrimitives.dll
0x00007fffa02a0000 - 0x00007fffa02af000 	c:\Users\User\.vscode\extensions\redhat.java-1.54.0-win32-x64\jre\21.0.10-win32-x86_64\bin\instrument.dll
0x00007fff87fe0000 - 0x00007fff88000000 	c:\Users\User\.vscode\extensions\redhat.java-1.54.0-win32-x64\jre\21.0.10-win32-x86_64\bin\java.dll
0x00007fffb77d0000 - 0x00007fffb7f40000 	C:\Windows\System32\SHELL32.dll
0x00007fffb47f0000 - 0x00007fffb4f95000 	C:\Windows\SYSTEM32\windows.storage.dll
0x00007fffb91d0000 - 0x00007fffb9524000 	C:\Windows\System32\combase.dll
0x00007fffb6010000 - 0x00007fffb603b000 	C:\Windows\SYSTEM32\Wldp.dll
0x00007fffb8760000 - 0x00007fffb882d000 	C:\Windows\System32\OLEAUT32.dll
0x00007fffb8010000 - 0x00007fffb80bd000 	C:\Windows\System32\SHCORE.dll
0x00007fffb85c0000 - 0x00007fffb861b000 	C:\Windows\System32\shlwapi.dll
0x00007fffb6d70000 - 0x00007fffb6d94000 	C:\Windows\SYSTEM32\profapi.dll
0x00007fff7eb50000 - 0x00007fff7eb68000 	c:\Users\User\.vscode\extensions\redhat.java-1.54.0-win32-x64\jre\21.0.10-win32-x86_64\bin\zip.dll
0x00007fff8bc00000 - 0x00007fff8bc10000 	C:\Users\User\.vscode\extensions\redhat.java-1.54.0-win32-x64\jre\21.0.10-win32-x86_64\bin\net.dll
0x00007fffb11e0000 - 0x00007fffb12ea000 	C:\Windows\SYSTEM32\WINHTTP.dll
0x00007fffb5d80000 - 0x00007fffb5dea000 	C:\Windows\system32\mswsock.dll
0x00007fff668f0000 - 0x00007fff66906000 	C:\Users\User\.vscode\extensions\redhat.java-1.54.0-win32-x64\jre\21.0.10-win32-x86_64\bin\nio.dll
0x00007fff8b730000 - 0x00007fff8b740000 	c:\Users\User\.vscode\extensions\redhat.java-1.54.0-win32-x64\jre\21.0.10-win32-x86_64\bin\verify.dll
0x00007fff06700000 - 0x00007fff06745000 	C:\Users\User\AppData\Roaming\Code\User\globalStorage\redhat.java\1.54.0\config_win\org.eclipse.equinox.launcher\org.eclipse.equinox.launcher.win32.win32.x86_64_1.3.0.v20260203-2149\eclipse_11919.dll
0x00007fffb8890000 - 0x00007fffb89bb000 	C:\Windows\System32\ole32.dll
0x00007fffb6ad0000 - 0x00007fffb6ae8000 	C:\Windows\SYSTEM32\CRYPTSP.dll
0x00007fffb5770000 - 0x00007fffb57a8000 	C:\Windows\system32\rsaenh.dll
0x00007fffb6d30000 - 0x00007fffb6d5e000 	C:\Windows\SYSTEM32\USERENV.dll
0x00007fffb5f80000 - 0x00007fffb5f8c000 	C:\Windows\SYSTEM32\CRYPTBASE.dll
0x00007fffb5aa0000 - 0x00007fffb5adb000 	C:\Windows\SYSTEM32\IPHLPAPI.DLL
0x00007fffb86a0000 - 0x00007fffb86a8000 	C:\Windows\System32\NSI.dll
0x00007fff98d40000 - 0x00007fff98d89000 	C:\Users\User\AppData\Local\Temp\jna-2645995\jna18358079126503922598.dll
0x00007fffb9650000 - 0x00007fffb9658000 	C:\Windows\System32\PSAPI.DLL
0x00007fffb0bb0000 - 0x00007fffb0bc7000 	C:\Windows\SYSTEM32\dhcpcsvc6.DLL
0x00007fffb0b90000 - 0x00007fffb0bad000 	C:\Windows\SYSTEM32\dhcpcsvc.DLL

JVMTI agents:
c:\Users\User\.vscode\extensions\redhat.java-1.54.0-win32-x64\lombok\lombok-1.18.39-4050.jar path:c:\Users\User\.vscode\extensions\redhat.java-1.54.0-win32-x64\jre\21.0.10-win32-x86_64\bin\instrument.dll, loaded, initialized, instrumentlib options:none

dbghelp: loaded successfully - version: 4.0.5 - missing functions: none
symbol engine: initialized successfully - sym options: 0x614 - pdb path: .;c:\Users\User\.vscode\extensions\redhat.java-1.54.0-win32-x64\jre\21.0.10-win32-x86_64\bin;C:\Windows\SYSTEM32;C:\Windows\WinSxS\amd64_microsoft.windows.common-controls_6595b64144ccf1df_6.0.19041.6456_none_60b8a6cb71f64256;c:\Users\User\.vscode\extensions\redhat.java-1.54.0-win32-x64\jre\21.0.10-win32-x86_64\bin\server;C:\Users\User\AppData\Roaming\Code\User\globalStorage\redhat.java\1.54.0\config_win\org.eclipse.equinox.launcher\org.eclipse.equinox.launcher.win32.win32.x86_64_1.3.0.v20260203-2149;C:\Users\User\AppData\Local\Temp\jna-2645995

VM Arguments:
jvm_args: --add-modules=ALL-SYSTEM --add-opens=java.base/java.util=ALL-UNNAMED --add-opens=java.base/java.lang=ALL-UNNAMED --add-opens=java.base/sun.nio.fs=ALL-UNNAMED -Declipse.application=org.eclipse.jdt.ls.core.id1 -Dosgi.bundles.defaultStartLevel=4 -Declipse.product=org.eclipse.jdt.ls.core.product -Djava.import.generatesMetadataFilesAtProjectRoot=false -DDetectVMInstallationsJob.disabled=true -Dfile.encoding=utf8 -XX:+UseParallelGC -XX:GCTimeRatio=4 -XX:AdaptiveSizePolicyWeight=90 -Dsun.zip.disableMemoryMapping=true -Xmx2G -Xms100m -Xlog:disable -javaagent:c:\Users\User\.vscode\extensions\redhat.java-1.54.0-win32-x64\lombok\lombok-1.18.39-4050.jar -XX:+HeapDumpOnOutOfMemoryError -XX:HeapDumpPath=c:\Users\User\AppData\Roaming\Code\User\workspaceStorage\1f0c035629236a65503ae68c098be729\redhat.java -Daether.dependencyCollector.impl=bf 
java_command: c:\Users\User\.vscode\extensions\redhat.java-1.54.0-win32-x64\server\plugins\org.eclipse.equinox.launcher_1.7.100.v20251111-0406.jar -configuration c:\Users\User\AppData\Roaming\Code\User\globalStorage\redhat.java\1.54.0\config_win -data c:\Users\User\AppData\Roaming\Code\User\workspaceStorage\1f0c035629236a65503ae68c098be729\redhat.java\jdt_ws --pipe=\\.\pipe\lsp-09c088389360baaa3d8785173f80aa80-sock
java_class_path (initial): c:\Users\User\.vscode\extensions\redhat.java-1.54.0-win32-x64\server\plugins\org.eclipse.equinox.launcher_1.7.100.v20251111-0406.jar
Launcher Type: SUN_STANDARD

[Global flags]
    uintx AdaptiveSizePolicyWeight                 = 90                                        {product} {command line}
     intx CICompilerCount                          = 4                                         {product} {ergonomic}
    uintx GCTimeRatio                              = 4                                         {product} {command line}
     bool HeapDumpOnOutOfMemoryError               = true                                   {manageable} {command line}
    ccstr HeapDumpPath                             = c:\Users\User\AppData\Roaming\Code\User\workspaceStorage\1f0c035629236a65503ae68c098be729\redhat.java         {manageable} {command line}
   size_t InitialHeapSize                          = 104857600                                 {product} {command line}
   size_t MaxHeapSize                              = 2147483648                                {product} {command line}
   size_t MaxNewSize                               = 715653120                                 {product} {ergonomic}
   size_t MinHeapDeltaBytes                        = 524288                                    {product} {ergonomic}
   size_t MinHeapSize                              = 104857600                                 {product} {command line}
   size_t NewSize                                  = 34603008                                  {product} {ergonomic}
    uintx NonNMethodCodeHeapSize                   = 5839372                                {pd product} {ergonomic}
    uintx NonProfiledCodeHeapSize                  = 122909434                              {pd product} {ergonomic}
   size_t OldSize                                  = 70254592                                  {product} {ergonomic}
    uintx ProfiledCodeHeapSize                     = 122909434                              {pd product} {ergonomic}
    uintx ReservedCodeCacheSize                    = 251658240                              {pd product} {ergonomic}
     bool SegmentedCodeCache                       = true                                      {product} {ergonomic}
   size_t SoftMaxHeapSize                          = 2147483648                             {manageable} {ergonomic}
     bool UseCompressedOops                        = true                           {product lp64_product} {ergonomic}
     bool UseLargePagesIndividualAllocation        = false                                  {pd product} {ergonomic}
     bool UseParallelGC                            = true                                      {product} {command line}

Logging:
Log output configuration:
 #0: stdout all=off uptime,level,tags foldmultilines=false
 #1: stderr all=off uptime,level,tags foldmultilines=false

Release file:
JAVA_VERSION="21.0.10" 
MODULES="java.base java.compiler java.datatransfer java.xml java.prefs java.desktop java.instrument java.logging java.management java.security.sasl java.naming java.rmi java.management.rmi java.net.http java.scripting java.security.jgss java.transaction.xa java.sql java.sql.rowset java.xml.crypto java.se java.smartcardio jdk.accessibility jdk.internal.jvmstat jdk.attach jdk.charsets jdk.internal.opt jdk.zipfs jdk.compiler jdk.crypto.ec jdk.crypto.cryptoki jdk.crypto.mscapi jdk.dynalink jdk.internal.ed jdk.editpad jdk.hotspot.agent jdk.httpserver jdk.internal.le jdk.internal.vm.ci jdk.internal.vm.compiler jdk.internal.vm.compiler.management jdk.jartool jdk.javadoc jdk.jcmd jdk.management jdk.management.agent jdk.jconsole jdk.jdeps jdk.jdwp.agent jdk.jdi jdk.jfr jdk.jshell jdk.jsobject jdk.jstatd jdk.localedata jdk.management.jfr jdk.naming.dns jdk.naming.rmi jdk.net jdk.nio.mapmode jdk.random jdk.sctp jdk.security.auth jdk.security.jgss jdk.unsupported jdk.unsupported.desktop jdk.xml.dom" 

Environment Variables:
JAVA_HOME=C:\Program Files\Java\jdk-21
PATH=C:\Program Files\Common Files\Oracle\Java\javapath;C:\Windows\system32;C:\Windows;C:\Windows\System32\Wbem;C:\Windows\System32\WindowsPowerShell\v1.0\;C:\Windows\System32\OpenSSH\;C:\Program Files\dotnet\;C:\Program Files\Git\cmd;C:\Program Files\nodejs\;%JAVA_HOME%\bin;;C:\Program Files\Docker\Docker\resources\bin;C:\Users\User\AppData\Local\Programs\Python\Python37\Scripts\;C:\Users\User\AppData\Local\Programs\Python\Python37\;C:\Users\User\AppData\Local\Programs\Python\Launcher\;C:\Users\User\AppData\Local\Microsoft\WindowsApps;C:\Users\User\AppData\Local\Programs\Microsoft VS Code\bin;C:\Users\User\AppData\Local\GitHubDesktop\bin;C:\Users\User\AppData\Roaming\npm;C:\apache-maven-3.9.14\bin;C:\Users\User\.local\bin;
USERNAME=User
OS=Windows_NT
PROCESSOR_IDENTIFIER=AMD64 Family 25 Model 80 Stepping 0, AuthenticAMD
TMP=C:\Users\User\AppData\Local\Temp
TEMP=C:\Users\User\AppData\Local\Temp




Periodic native trim disabled

---------------  S Y S T E M  ---------------

OS:
 Windows 10 , 64 bit Build 19041 (10.0.19041.5915)
OS uptime: 0 days 1:30 hours
Hyper-V role detected

CPU: total 12 (initial active 12) (12 cores per cpu, 2 threads per core) family 25 model 80 stepping 0 microcode 0x0, cx8, cmov, fxsr, ht, mmx, 3dnowpref, sse, sse2, sse3, ssse3, sse4a, sse4.1, sse4.2, popcnt, lzcnt, tsc, tscinvbit, avx, avx2, aes, erms, clmul, bmi1, bmi2, adx, sha, fma, vzeroupper, clflush, clflushopt, hv, rdtscp, rdpid, fsrm, f16c, cet_ss
Processor Information for the first 12 processors :
  Max Mhz: 3600, Current Mhz: 3600, Mhz Limit: 3600

Memory: 4k page, system-wide physical 14226M (4787M free)
TotalPageFile size 16402M (AvailPageFile size 2419M)
current process WorkingSet (physical memory assigned to process): 1714M, peak: 1714M
current process commit charge ("private bytes"): 1755M, peak: 1759M

vm_info: OpenJDK 64-Bit Server VM (21.0.10+7-LTS) for windows-amd64 JRE (21.0.10+7-LTS), built on 2026-01-20T00:00:00Z by "admin" with MS VC++ 17.12 (VS2022)

END.
